[2025-09-08 13:36:16] MIGRATION_START: Starting normalized MySQL migration to database: retail_db
[2025-09-08 13:36:16] FILE_VALIDATION: All required CSV files found: 6 files
[2025-09-08 13:36:20] MIGRATION_ERROR: Migration failed with error: (pymysql.err.OperationalError) (2003, "Can't connect to MySQL server on 'localhost' ([WinError 10061] No connection could be made because the target machine actively refused it)")
(Background on this error at: https://sqlalche.me/e/20/e3q8)
[2025-09-08 13:37:09] MIGRATION_START: Starting normalized MySQL migration to database: retail_db
[2025-09-08 13:37:09] FILE_VALIDATION: All required CSV files found: 6 files
[2025-09-08 13:37:09] DATABASE_CREATED: Database retail_db created/verified
[2025-09-08 13:37:09] CONNECTION_ESTABLISHED: Database connection established to retail_db
[2025-09-08 13:37:09] SCHEMA_CREATED: Normalized schema tables created/verified
[2025-09-08 13:37:09] RECONCILIATION_SUCCESS: Table Categories (categories migration): Expected 8, Got 8
[2025-09-08 13:37:09] RECONCILIATION_SUCCESS: Table Locations (locations migration): Expected 2, Got 2
[2025-09-08 13:37:09] RECONCILIATION_SUCCESS: Table PaymentMethods (payment methods migration): Expected 3, Got 3
[2025-09-08 13:37:09] RECONCILIATION_SUCCESS: Table Customers (customers migration): Expected 25, Got 25
[2025-09-08 13:37:09] REFERENCE_TABLES_LOADED: All reference tables (Categories, Locations, PaymentMethods, Customers) loaded
[2025-09-08 13:37:09] RECONCILIATION_SUCCESS: Table Items (items migration): Expected 200, Got 200
[2025-09-08 13:37:09] ITEMS_TABLE_LOADED: Items table with foreign key relationships loaded
[2025-09-08 13:37:10] RECONCILIATION_FAILED: Table Transactions (batch 1-1000): Expected 1000, Got 0
[2025-09-08 13:37:10] RECONCILIATION_FAILED: Table Transactions (batch 1001-2000): Expected 2000, Got 0
[2025-09-08 13:37:11] RECONCILIATION_FAILED: Table Transactions (batch 2001-3000): Expected 3000, Got 0
[2025-09-08 13:37:11] RECONCILIATION_FAILED: Table Transactions (batch 3001-4000): Expected 4000, Got 0
[2025-09-08 13:37:11] RECONCILIATION_FAILED: Table Transactions (batch 4001-5000): Expected 5000, Got 0
[2025-09-08 13:37:12] RECONCILIATION_FAILED: Table Transactions (batch 5001-6000): Expected 6000, Got 0
[2025-09-08 13:37:12] RECONCILIATION_FAILED: Table Transactions (batch 6001-7000): Expected 7000, Got 0
[2025-09-08 13:37:12] RECONCILIATION_FAILED: Table Transactions (batch 7001-8000): Expected 8000, Got 0
[2025-09-08 13:37:13] RECONCILIATION_FAILED: Table Transactions (batch 8001-9000): Expected 9000, Got 0
[2025-09-08 13:37:13] RECONCILIATION_FAILED: Table Transactions (batch 9001-10000): Expected 10000, Got 0
[2025-09-08 13:37:14] RECONCILIATION_FAILED: Table Transactions (batch 10001-11000): Expected 11000, Got 0
[2025-09-08 13:37:14] RECONCILIATION_FAILED: Table Transactions (batch 11001-11971): Expected 11971, Got 0
[2025-09-08 13:37:14] RECONCILIATION_SUCCESS: Table Transactions (final check): Expected 11971, Got 11971
[2025-09-08 13:37:14] TRANSACTIONS_TABLE_LOADED: Transactions table with all foreign key relationships loaded
[2025-09-08 13:37:14] DATA_INTEGRITY_VERIFIED: All data integrity checks completed
[2025-09-08 13:37:14] MIGRATION_SUCCESS: Complete migration finished successfully. Database: retail_db, Log: C:\Users\guanj\OneDrive\Desktop\SEM\results\03_mysql_normalized_load_log.txt
